<?xml version="1.0" encoding="UTF-8"?>
<!-- Generated by org.testng.reporters.JUnitXMLReporter -->
<testsuite hostname="ania-PC" ignored="0" tests="3" failures="1" timestamp="25 cze 2018 16:51:55 GMT" time="76.807" errors="0">
  <testcase name="sholudFindPlazaApartments" time="21.377" classname="SearchTest"/>
  <testcase name="sholudHaveSpecificDateChosen" time="11.47" classname="SearchTest">
    <failure type="java.lang.AssertionError" message="expected [true] but found [false]">
      <![CDATA[java.lang.AssertionError: expected [true] but found [false]
at assertions.SearchTestAssertion.hasCorrectDate(SearchTestAssertion.java:30)
at SearchTest.sholudHaveSpecificDateChosen(SearchTest.java:31)
... Removed 28 stack frames]]>
    </failure>
  </testcase> <!-- sholudHaveSpecificDateChosen -->
  <testcase name="shouldGoToSearchRusults" time="13.234" classname="SearchTest"/>
</testsuite>
